2014-04-30 16:43:00.006 Menu[31395:80b] Multi-tasking -> Device: YES, App: YES
2014-04-30 16:43:00.029 Menu[31395:80b] Unlimited access to network resources
2014-04-30 16:43:00.091 Menu[31395:80b] [CDVTimer][file] 1.940966ms
2014-04-30 16:43:00.091 Menu[31395:80b] [CDVTimer][TotalPluginStartup] 2.429008ms
2014-04-30 16:43:00.259 Menu[31395:80b] Resetting plugins due to page load.
2014-04-30 16:43:00.529 Menu[31395:80b] Finished load of: file:///Users/xenon/Library/Application%20Support/iPhone%20Simulator/7.0.3/Applications/FE545EE5-68DF-405C-A22A-448932DD90E5/Menu.app/www/index.html
2014-04-30 16:49:21.803 Menu[31767:80b] Multi-tasking -> Device: YES, App: YES
2014-04-30 16:49:21.809 Menu[31767:80b] Unlimited access to network resources
2014-04-30 16:49:21.830 Menu[31767:80b] [CDVTimer][file] 1.796007ms
2014-04-30 16:49:21.831 Menu[31767:80b] [CDVTimer][TotalPluginStartup] 2.193987ms
2014-04-30 16:49:21.894 Menu[31767:80b] Resetting plugins due to page load.
2014-04-30 16:49:22.045 Menu[31767:80b] Finished load of: file:///Users/xenon/Library/Application%20Support/iPhone%20Simulator/7.0.3/Applications/FE545EE5-68DF-405C-A22A-448932DD90E5/Menu.app/www/index.html
2014-04-30 17:23:37.385 Menu[32632:80b] Multi-tasking -> Device: YES, App: YES
2014-04-30 17:23:37.393 Menu[32632:80b] Unlimited access to network resources
2014-04-30 17:23:37.412 Menu[32632:80b] [CDVTimer][file] 1.829982ms
2014-04-30 17:23:37.412 Menu[32632:80b] [CDVTimer][TotalPluginStartup] 2.283990ms
2014-04-30 17:23:37.490 Menu[32632:80b] Resetting plugins due to page load.
2014-04-30 17:23:37.655 Menu[32632:80b] Finished load of: file:///Users/xenon/Library/Application%20Support/iPhone%20Simulator/7.0.3/Applications/FE545EE5-68DF-405C-A22A-448932DD90E5/Menu.app/www/index.html
Terminating in response to SpringBoard's termination.
2014-04-30 17:24:30.079 Menu[32947:80b] Multi-tasking -> Device: YES, App: YES
2014-04-30 17:24:30.086 Menu[32947:80b] Unlimited access to network resources
2014-04-30 17:24:30.105 Menu[32947:80b] [CDVTimer][file] 1.159966ms
2014-04-30 17:24:30.106 Menu[32947:80b] [CDVTimer][TotalPluginStartup] 1.573980ms
2014-04-30 17:24:30.166 Menu[32947:80b] Resetting plugins due to page load.
2014-04-30 17:24:30.298 Menu[32947:80b] Finished load of: file:///Users/xenon/Library/Application%20Support/iPhone%20Simulator/7.0.3/Applications/FE545EE5-68DF-405C-A22A-448932DD90E5/Menu.app/www/index.html
Terminating in response to SpringBoard's termination.
2014-04-30 17:25:08.081 Menu[33260:80b] Multi-tasking -> Device: YES, App: YES
2014-04-30 17:25:08.087 Menu[33260:80b] Unlimited access to network resources
2014-04-30 17:25:08.105 Menu[33260:80b] [CDVTimer][file] 1.143992ms
2014-04-30 17:25:08.106 Menu[33260:80b] [CDVTimer][TotalPluginStartup] 1.485050ms
2014-04-30 17:25:08.170 Menu[33260:80b] Resetting plugins due to page load.
2014-04-30 17:25:08.335 Menu[33260:80b] Finished load of: file:///Users/xenon/Library/Application%20Support/iPhone%20Simulator/7.0.3/Applications/FE545EE5-68DF-405C-A22A-448932DD90E5/Menu.app/www/index.html
Terminating in response to SpringBoard's termination.
2014-04-30 17:28:24.805 Menu[33589:80b] Multi-tasking -> Device: YES, App: YES
2014-04-30 17:28:24.811 Menu[33589:80b] Unlimited access to network resources
2014-04-30 17:28:24.831 Menu[33589:80b] [CDVTimer][file] 1.767993ms
2014-04-30 17:28:24.832 Menu[33589:80b] [CDVTimer][TotalPluginStartup] 2.170980ms
2014-04-30 17:28:24.897 Menu[33589:80b] Resetting plugins due to page load.
2014-04-30 17:28:25.082 Menu[33589:80b] Finished load of: file:///Users/xenon/Library/Application%20Support/iPhone%20Simulator/7.0.3/Applications/FE545EE5-68DF-405C-A22A-448932DD90E5/Menu.app/www/index.html
Terminating in response to SpringBoard's termination.
2014-04-30 17:44:14.275 Menu[33945:80b] Multi-tasking -> Device: YES, App: YES
2014-04-30 17:44:14.282 Menu[33945:80b] Unlimited access to network resources
2014-04-30 17:44:14.301 Menu[33945:80b] [CDVTimer][file] 1.609981ms
2014-04-30 17:44:14.301 Menu[33945:80b] [CDVTimer][TotalPluginStartup] 2.021968ms
2014-04-30 17:44:14.355 Menu[33945:80b] Resetting plugins due to page load.
2014-04-30 17:44:14.508 Menu[33945:80b] Finished load of: file:///Users/xenon/Library/Application%20Support/iPhone%20Simulator/7.0.3/Applications/FE545EE5-68DF-405C-A22A-448932DD90E5/Menu.app/www/index.html
2014-04-30 17:47:08.059 Menu[34261:80b] Multi-tasking -> Device: YES, App: YES
2014-04-30 17:47:08.068 Menu[34261:80b] Unlimited access to network resources
2014-04-30 17:47:08.087 Menu[34261:80b] [CDVTimer][file] 1.614034ms
2014-04-30 17:47:08.088 Menu[34261:80b] [CDVTimer][TotalPluginStartup] 1.968980ms
2014-04-30 17:47:08.154 Menu[34261:80b] Resetting plugins due to page load.
2014-04-30 17:47:08.295 Menu[34261:80b] Finished load of: file:///Users/xenon/Library/Application%20Support/iPhone%20Simulator/7.0.3/Applications/FE545EE5-68DF-405C-A22A-448932DD90E5/Menu.app/www/index.html
2014-04-30 17:50:45.414 Menu[34583:80b] Multi-tasking -> Device: YES, App: YES
2014-04-30 17:50:45.421 Menu[34583:80b] Unlimited access to network resources
2014-04-30 17:50:45.440 Menu[34583:80b] [CDVTimer][file] 1.838982ms
2014-04-30 17:50:45.440 Menu[34583:80b] [CDVTimer][TotalPluginStartup] 2.236009ms
2014-04-30 17:50:45.506 Menu[34583:80b] Resetting plugins due to page load.
2014-04-30 17:50:45.651 Menu[34583:80b] Finished load of: file:///Users/xenon/Library/Application%20Support/iPhone%20Simulator/7.0.3/Applications/FE545EE5-68DF-405C-A22A-448932DD90E5/Menu.app/www/index.html
2014-04-30 17:51:24.594 Menu[34896:80b] Multi-tasking -> Device: YES, App: YES
2014-04-30 17:51:24.601 Menu[34896:80b] Unlimited access to network resources
2014-04-30 17:51:24.619 Menu[34896:80b] [CDVTimer][file] 1.307964ms
2014-04-30 17:51:24.620 Menu[34896:80b] [CDVTimer][TotalPluginStartup] 1.797020ms
2014-04-30 17:51:24.693 Menu[34896:80b] Resetting plugins due to page load.
2014-04-30 17:51:24.858 Menu[34896:80b] Finished load of: file:///Users/xenon/Library/Application%20Support/iPhone%20Simulator/7.0.3/Applications/DC6D3851-534F-47F1-978E-804187D257B5/Menu.app/www/index.html
2014-04-30 17:52:29.198 Menu[35208:80b] Multi-tasking -> Device: YES, App: YES
2014-04-30 17:52:29.206 Menu[35208:80b] Unlimited access to network resources
2014-04-30 17:52:29.228 Menu[35208:80b] [CDVTimer][file] 1.851976ms
2014-04-30 17:52:29.229 Menu[35208:80b] [CDVTimer][TotalPluginStartup] 2.323985ms
2014-04-30 17:52:29.304 Menu[35208:80b] Resetting plugins due to page load.
2014-04-30 17:52:29.492 Menu[35208:80b] Finished load of: file:///Users/xenon/Library/Application%20Support/iPhone%20Simulator/7.0.3/Applications/DC6D3851-534F-47F1-978E-804187D257B5/Menu.app/www/index.html
2014-04-30 17:52:32.609 Menu[35208:80b] THREAD WARNING: ['org.apache.cordova.facebook.Connect'] took '2990.683105' ms. Plugin should use a background thread.
2014-04-30 17:55:56.845 Menu[35530:80b] Multi-tasking -> Device: YES, App: YES
2014-04-30 17:55:56.851 Menu[35530:80b] Unlimited access to network resources
2014-04-30 17:55:56.872 Menu[35530:80b] [CDVTimer][file] 1.860023ms
2014-04-30 17:55:56.872 Menu[35530:80b] [CDVTimer][TotalPluginStartup] 2.304018ms
2014-04-30 17:55:56.941 Menu[35530:80b] Resetting plugins due to page load.
2014-04-30 17:55:57.110 Menu[35530:80b] Finished load of: file:///Users/xenon/Library/Application%20Support/iPhone%20Simulator/7.0.3/Applications/DC6D3851-534F-47F1-978E-804187D257B5/Menu.app/www/index.html
2014-04-30 17:55:58.921 Menu[35530:80b] THREAD WARNING: ['org.apache.cordova.facebook.Connect'] took '1696.349121' ms. Plugin should use a background thread.
2014-04-30 17:56:16.198 Menu[35530:80b] *** Assertion failure in -[UIApplication runModal:](), /SourceCache/UIKit_Sim/UIKit-2903.23/UIApplication.m:9465
2014-04-30 17:56:16.204 Menu[35530:80b] *** WebKit discarded an uncaught exception in the webView:runJavaScriptAlertPanelWithMessage:initiatedByFrame: delegate: <NSInternalInconsistencyException> The view passed in does not have a window.
Terminating in response to SpringBoard's termination.
